03-Mar-2022 10:39:49.083 INFO [main] org.apache.catalina.startup.VersionLoggerListener.log Server version name:   Apache Tomcat/8.5.76
03-Mar-2022 10:39:49.087 INFO [main] org.apache.catalina.startup.VersionLoggerListener.log Server built:          Feb 23 2022 17:59:11 UTC
03-Mar-2022 10:39:49.087 INFO [main] org.apache.catalina.startup.VersionLoggerListener.log Server version number: 8.5.76.0
03-Mar-2022 10:39:49.087 INFO [main] org.apache.catalina.startup.VersionLoggerListener.log OS Name:               Windows 10
03-Mar-2022 10:39:49.093 INFO [main] org.apache.catalina.startup.VersionLoggerListener.log OS Version:            10.0
03-Mar-2022 10:39:49.093 INFO [main] org.apache.catalina.startup.VersionLoggerListener.log Architecture:          amd64
03-Mar-2022 10:39:49.094 INFO [main] org.apache.catalina.startup.VersionLoggerListener.log Java Home:             C:\Program Files\Java\jdk1.8.0_211\jre
03-Mar-2022 10:39:49.094 INFO [main] org.apache.catalina.startup.VersionLoggerListener.log JVM Version:           1.8.0_211-b12
03-Mar-2022 10:39:49.094 INFO [main] org.apache.catalina.startup.VersionLoggerListener.log JVM Vendor:            Oracle Corporation
03-Mar-2022 10:39:49.094 INFO [main] org.apache.catalina.startup.VersionLoggerListener.log CATALINA_BASE:         D:\NetBeansProjects\Hotel_Res\apache-tomcat-8.5.76
03-Mar-2022 10:39:49.094 INFO [main] org.apache.catalina.startup.VersionLoggerListener.log CATALINA_HOME:         D:\NetBeansProjects\Hotel_Res\apache-tomcat-8.5.76
03-Mar-2022 10:39:49.094 INFO [main] org.apache.catalina.startup.VersionLoggerListener.log Command line argument: -Djava.util.logging.config.file=D:\NetBeansProjects\Hotel_Res\apache-tomcat-8.5.76\conf\logging.properties
03-Mar-2022 10:39:49.094 INFO [main] org.apache.catalina.startup.VersionLoggerListener.log Command line argument: -Djava.util.logging.manager=org.apache.juli.ClassLoaderLogManager
03-Mar-2022 10:39:49.094 INFO [main] org.apache.catalina.startup.VersionLoggerListener.log Command line argument: -Dhttp.nonProxyHosts=localhost|127.0.0.1|ABHISHEK-HP
03-Mar-2022 10:39:49.094 INFO [main] org.apache.catalina.startup.VersionLoggerListener.log Command line argument: -Djdk.tls.ephemeralDHKeySize=2048
03-Mar-2022 10:39:49.094 INFO [main] org.apache.catalina.startup.VersionLoggerListener.log Command line argument: -Djava.protocol.handler.pkgs=org.apache.catalina.webresources
03-Mar-2022 10:39:49.094 INFO [main] org.apache.catalina.startup.VersionLoggerListener.log Command line argument: -Dignore.endorsed.dirs=
03-Mar-2022 10:39:49.094 INFO [main] org.apache.catalina.startup.VersionLoggerListener.log Command line argument: -Dcatalina.base=D:\NetBeansProjects\Hotel_Res\apache-tomcat-8.5.76
03-Mar-2022 10:39:49.094 INFO [main] org.apache.catalina.startup.VersionLoggerListener.log Command line argument: -Dcatalina.home=D:\NetBeansProjects\Hotel_Res\apache-tomcat-8.5.76
03-Mar-2022 10:39:49.094 INFO [main] org.apache.catalina.startup.VersionLoggerListener.log Command line argument: -Djava.io.tmpdir=D:\NetBeansProjects\Hotel_Res\apache-tomcat-8.5.76\temp
03-Mar-2022 10:39:49.094 INFO [main] org.apache.catalina.core.AprLifecycleListener.lifecycleEvent The Apache Tomcat Native library which allows using OpenSSL was not found on the java.library.path: [C:\Program Files\Java\jdk1.8.0_211\bin;C:\WINDOWS\Sun\Java\bin;C:\WINDOWS\system32;C:\WINDOWS;C:\Program Files\Java\jdk11\bin;C:\Program Files (x86)\Common Files\Oracle\Java\javapath;C:\windows\system32;C:\windows;C:\windows\System32\Wbem;C:\windows\System32\WindowsPowerShell\v1.0\;C:\windows\System32\OpenSSH\;C:\Program Files (x86)\NVIDIA Corporation\PhysX\Common;C:\Program Files\NVIDIA Corporation\NVIDIA NvDLISR;C:\Program Files\CodeBlocks\MinGW\bin;C:\Program Files\Git\cmd;C:\WINDOWS\system32;C:\WINDOWS;C:\WINDOWS\System32\Wbem;C:\WINDOWS\System32\WindowsPowerShell\v1.0\;C:\WINDOWS\System32\OpenSSH\;C:\Users\HP\AppData\Local\Programs\Python\Python37-32\Scripts\;C:\Users\HP\AppData\Local\Programs\Python\Python37-32\;C:\Users\HP\AppData\Local\Microsoft\WindowsApps;;C:\Users\HP\AppData\Local\Programs\Microsoft VS Code\bin;.]
03-Mar-2022 10:39:49.299 INFO [main] org.apache.coyote.AbstractProtocol.init Initializing ProtocolHandler ["http-nio-8080"]
03-Mar-2022 10:39:49.782 INFO [main] org.apache.catalina.startup.Catalina.load Initialization processed in 1316 ms
03-Mar-2022 10:39:49.826 INFO [main] org.apache.catalina.core.StandardService.startInternal Starting service [Catalina]
03-Mar-2022 10:39:49.826 INFO [main] org.apache.catalina.core.StandardEngine.startInternal Starting Servlet engine: [Apache Tomcat/8.5.76]
03-Mar-2022 10:39:49.840 INFO [localhost-startStop-1] org.apache.catalina.startup.HostConfig.deployDirectory Deploying web application directory [D:\NetBeansProjects\Hotel_Res\apache-tomcat-8.5.76\webapps\docs]
03-Mar-2022 10:39:50.390 WARNING [localhost-startStop-1] org.apache.catalina.util.SessionIdGeneratorBase.createSecureRandom Creation of SecureRandom instance for session ID generation using [SHA1PRNG] took [308] milliseconds.
03-Mar-2022 10:39:50.412 INFO [localhost-startStop-1] org.apache.catalina.startup.HostConfig.deployDirectory Deployment of web application directory [D:\NetBeansProjects\Hotel_Res\apache-tomcat-8.5.76\webapps\docs] has finished in [572] ms
03-Mar-2022 10:39:50.415 INFO [localhost-startStop-1] org.apache.catalina.startup.HostConfig.deployDirectory Deploying web application directory [D:\NetBeansProjects\Hotel_Res\apache-tomcat-8.5.76\webapps\examples]
03-Mar-2022 10:39:50.834 INFO [localhost-startStop-1] org.apache.catalina.startup.HostConfig.deployDirectory Deployment of web application directory [D:\NetBeansProjects\Hotel_Res\apache-tomcat-8.5.76\webapps\examples] has finished in [419] ms
03-Mar-2022 10:39:50.835 INFO [localhost-startStop-1] org.apache.catalina.startup.HostConfig.deployDirectory Deploying web application directory [D:\NetBeansProjects\Hotel_Res\apache-tomcat-8.5.76\webapps\host-manager]
03-Mar-2022 10:39:50.871 INFO [localhost-startStop-1] org.apache.catalina.startup.HostConfig.deployDirectory Deployment of web application directory [D:\NetBeansProjects\Hotel_Res\apache-tomcat-8.5.76\webapps\host-manager] has finished in [36] ms
03-Mar-2022 10:39:50.872 INFO [localhost-startStop-1] org.apache.catalina.startup.HostConfig.deployDirectory Deploying web application directory [D:\NetBeansProjects\Hotel_Res\apache-tomcat-8.5.76\webapps\manager]
03-Mar-2022 10:39:50.903 INFO [localhost-startStop-1] org.apache.catalina.startup.HostConfig.deployDirectory Deployment of web application directory [D:\NetBeansProjects\Hotel_Res\apache-tomcat-8.5.76\webapps\manager] has finished in [32] ms
03-Mar-2022 10:39:50.903 INFO [localhost-startStop-1] org.apache.catalina.startup.HostConfig.deployDirectory Deploying web application directory [D:\NetBeansProjects\Hotel_Res\apache-tomcat-8.5.76\webapps\ROOT]
03-Mar-2022 10:39:50.937 INFO [localhost-startStop-1] org.apache.catalina.startup.HostConfig.deployDirectory Deployment of web application directory [D:\NetBeansProjects\Hotel_Res\apache-tomcat-8.5.76\webapps\ROOT] has finished in [34] ms
03-Mar-2022 10:39:50.939 INFO [main] org.apache.coyote.AbstractProtocol.start Starting ProtocolHandler ["http-nio-8080"]
03-Mar-2022 10:39:51.023 INFO [main] org.apache.catalina.startup.Catalina.start Server startup in 1239 ms
03-Mar-2022 11:23:00.081 INFO [http-nio-8080-exec-7] org.apache.catalina.startup.HostConfig.deployDescriptor Deploying deployment descriptor [D:\NetBeansProjects\Hotel_Res\apache-tomcat-8.5.76\conf\Catalina\localhost\Hotel_Res.xml]
03-Mar-2022 11:23:01.112 INFO [http-nio-8080-exec-7] org.apache.jasper.servlet.TldScanner.scanJars At least one JAR was scanned for TLDs yet contained no TLDs. Enable debug logging for this logger for a complete list of JARs that were scanned but no TLDs were found in them. Skipping unneeded JARs during scanning can improve startup time and JSP compilation time.
03-Mar-2022 11:23:02.315 INFO [http-nio-8080-exec-7] org.apache.catalina.startup.HostConfig.deployDescriptor Deployment of deployment descriptor [D:\NetBeansProjects\Hotel_Res\apache-tomcat-8.5.76\conf\Catalina\localhost\Hotel_Res.xml] has finished in [2,234] ms
03-Mar-2022 11:23:02.315 INFO [http-nio-8080-exec-5] org.apache.catalina.util.LifecycleBase.start The start() method was called on component [StandardEngine[Catalina].StandardHost[localhost].StandardContext[/Hotel_Res]] after start() had already been called. The second call will be ignored.
03-Mar-2022 11:25:42.992 INFO [ContainerBackgroundProcessor[StandardEngine[Catalina]]] org.apache.catalina.users.MemoryUserDatabase.backgroundProcess Reloading memory user database [UserDatabase] from updated source [file:/D:/NetBeansProjects/Hotel_Res/apache-tomcat-8.5.76/conf/tomcat-users.xml]
03-Mar-2022 11:30:42.270 INFO [http-nio-8080-exec-5] org.apache.catalina.core.StandardContext.reload Reloading Context with name [/Hotel_Res] has started
03-Mar-2022 11:30:42.301 WARNING [http-nio-8080-exec-5] org.apache.catalina.loader.WebappClassLoaderBase.clearReferencesJdbc The web application [Hotel_Res] registered the JDBC driver [com.mysql.cj.jdbc.Driver] but failed to unregister it when the web application was stopped. To prevent a memory leak, the JDBC Driver has been forcibly unregistered.
03-Mar-2022 11:30:42.301 WARNING [http-nio-8080-exec-5] org.apache.catalina.loader.WebappClassLoaderBase.clearReferencesThreads The web application [Hotel_Res] appears to have started a thread named [mysql-cj-abandoned-connection-cleanup] but has failed to stop it. This is very likely to create a memory leak. Stack trace of thread:
 java.lang.Object.wait(Native Method)
 java.lang.ref.ReferenceQueue.remove(ReferenceQueue.java:144)
 com.mysql.cj.jdbc.AbandonedConnectionCleanupThread.run(AbandonedConnectionCleanupThread.java:91)
 java.util.concurrent.ThreadPoolExecutor.runWorker(ThreadPoolExecutor.java:1149)
 java.util.concurrent.ThreadPoolExecutor$Worker.run(ThreadPoolExecutor.java:624)
 java.lang.Thread.run(Thread.java:748)
03-Mar-2022 11:30:43.301 INFO [http-nio-8080-exec-5] org.apache.jasper.servlet.TldScanner.scanJars At least one JAR was scanned for TLDs yet contained no TLDs. Enable debug logging for this logger for a complete list of JARs that were scanned but no TLDs were found in them. Skipping unneeded JARs during scanning can improve startup time and JSP compilation time.
03-Mar-2022 11:30:44.676 INFO [http-nio-8080-exec-5] org.apache.catalina.core.StandardContext.reload Reloading Context with name [/Hotel_Res] is completed
03-Mar-2022 11:30:46.271 INFO [mysql-cj-abandoned-connection-cleanup] org.apache.catalina.loader.WebappClassLoaderBase.checkStateForResourceLoading Illegal access: this web application instance has been stopped already. Could not load []. The following stack trace is thrown for debugging purposes as well as to attempt to terminate the thread which caused the illegal access.
	java.lang.IllegalStateException: Illegal access: this web application instance has been stopped already. Could not load []. The following stack trace is thrown for debugging purposes as well as to attempt to terminate the thread which caused the illegal access.
		at org.apache.catalina.loader.WebappClassLoaderBase.checkStateForResourceLoading(WebappClassLoaderBase.java:1435)
		at org.apache.catalina.loader.WebappClassLoaderBase.getResource(WebappClassLoaderBase.java:1060)
		at com.mysql.cj.jdbc.AbandonedConnectionCleanupThread.checkThreadContextClassLoader(AbandonedConnectionCleanupThread.java:123)
		at com.mysql.cj.jdbc.AbandonedConnectionCleanupThread.run(AbandonedConnectionCleanupThread.java:90)
		at java.util.concurrent.ThreadPoolExecutor.runWorker(ThreadPoolExecutor.java:1149)
		at java.util.concurrent.ThreadPoolExecutor$Worker.run(ThreadPoolExecutor.java:624)
		at java.lang.Thread.run(Thread.java:748)
03-Mar-2022 13:09:07.987 INFO [main] org.apache.catalina.core.StandardServer.await A valid shutdown command was received via the shutdown port. Stopping the Server instance.
03-Mar-2022 13:09:07.987 INFO [main] org.apache.coyote.AbstractProtocol.pause Pausing ProtocolHandler ["http-nio-8080"]
03-Mar-2022 13:09:08.143 INFO [main] org.apache.catalina.core.StandardService.stopInternal Stopping service [Catalina]
03-Mar-2022 13:09:08.277 INFO [main] org.apache.coyote.AbstractProtocol.stop Stopping ProtocolHandler ["http-nio-8080"]
03-Mar-2022 13:09:08.293 INFO [main] org.apache.coyote.AbstractProtocol.destroy Destroying ProtocolHandler ["http-nio-8080"]
